{
  "stats": {
    "suites": 1,
    "tests": 1,
    "passes": 1,
    "pending": 0,
    "failures": 0,
    "start": "2023-04-18T18:08:37.221Z",
    "end": "2023-04-18T18:08:45.362Z",
    "duration": 8141,
    "testsRegistered": 1,
    "passPercent": 100,
    "pendingPercent": 0,
    "other": 0,
    "hasOther": false,
    "skipped": 0,
    "hasSkipped": false
  },
  "results": [
    {
      "uuid": "ce77300a-362a-419d-91d6-bc971cc89d7a",
      "title": "",
      "fullFile": "cypress\\e2e\\Logintest\\organizations.cy.js",
      "file": "cypress\\e2e\\Logintest\\organizations.cy.js",
      "beforeHooks": [],
      "afterHooks": [],
      "tests": [],
      "suites": [
        {
          "uuid": "cdfeba1d-7e5a-413b-be95-8f6d120642ba",
          "title": "Archivistica Login Test",
          "fullFile": "",
          "file": "",
          "beforeHooks": [],
          "afterHooks": [],
          "tests": [
            {
              "title": "TC1: Testing Archivistica Classification Board: Create Sections and series",
              "fullTitle": "Archivistica Login Test TC1: Testing Archivistica Classification Board: Create Sections and series",
              "timedOut": null,
              "duration": 6739,
              "state": "passed",
              "speed": "medium",
              "pass": true,
              "fail": false,
              "pending": false,
              "context": null,
              "code": "cy.visit(\"http://domus.dyndns.biz:5555/test_arch/administrator/classifications/63f949ef23e5f6480c80819b\");\ncy.url().should('contain', \"classifications\");\ncy.get('.ng-value-container').find('input').click();",
              "err": {},
              "uuid": "1c9478ee-63b6-40fb-a110-c0f921ea976d",
              "parentUUID": "cdfeba1d-7e5a-413b-be95-8f6d120642ba",
              "isHook": false,
              "skipped": false
            }
          ],
          "suites": [],
          "passes": [
            "1c9478ee-63b6-40fb-a110-c0f921ea976d"
          ],
          "failures": [],
          "pending": [],
          "skipped": [],
          "duration": 6739,
          "root": false,
          "rootEmpty": false,
          "_timeout": 2000
        }
      ],
      "passes": [],
      "failures": [],
      "pending": [],
      "skipped": [],
      "duration": 0,
      "root": true,
      "rootEmpty": true,
      "_timeout": 2000
    }
  ],
  "meta": {
    "mocha": {
      "version": "7.0.1"
    },
    "mochawesome": {
      "options": {
        "quiet": false,
        "reportFilename": "mochawesome",
        "saveHtml": true,
        "saveJson": true,
        "consoleReporter": "spec",
        "useInlineDiffs": false,
        "code": true
      },
      "version": "7.1.3"
    },
    "marge": {
      "options": null,
      "version": "6.2.0"
    }
  }
}